Traceback (most recent call last):
  File "/home/lottenho/660_pro/CMPUT660Project/scripts/analysis/build_code_complexity.py", line 354, in <module>
    main()
  File "/home/lottenho/660_pro/CMPUT660Project/scripts/analysis/build_code_complexity.py", line 322, in main
    metrics = compute_month_snapshot_metrics(repo_dir, sha)
              ^^^^^^^^^^^^^^^^^^^^^^^^^^^^^^^^^^^^^^^^^^^^^
  File "/home/lottenho/660_pro/CMPUT660Project/scripts/analysis/build_code_complexity.py", line 272, in compute_month_snapshot_metrics
    cp = subprocess.run(["python", "-m", "lizard", temp_dir], capture_output=True, timeout=LIZARD_TIMEOUT, env=env, text=True)
         ^^^^^^^^^^^^^^^^^^^^^^^^^^^^^^^^^^^^^^^^^^^^^^^^^^^^^^^^^^^^^^^^^^^^^^^^^^^^^^^^^^^^^^^^^^^^^^^^^^^^^^^^^^^^^^^^^^^^^
  File "/cvmfs/soft.computecanada.ca/gentoo/2023/x86-64-v3/usr/lib/python3.11/subprocess.py", line 550, in run
    stdout, stderr = process.communicate(input, timeout=timeout)
                     ^^^^^^^^^^^^^^^^^^^^^^^^^^^^^^^^^^^^^^^^^^^
  File "/cvmfs/soft.computecanada.ca/gentoo/2023/x86-64-v3/usr/lib/python3.11/subprocess.py", line 1209, in communicate
    stdout, stderr = self._communicate(input, endtime, timeout)
                     ^^^^^^^^^^^^^^^^^^^^^^^^^^^^^^^^^^^^^^^^^^
  File "/cvmfs/soft.computecanada.ca/gentoo/2023/x86-64-v3/usr/lib/python3.11/subprocess.py", line 2109, in _communicate
    self._check_timeout(endtime, orig_timeout, stdout, stderr)
  File "/cvmfs/soft.computecanada.ca/gentoo/2023/x86-64-v3/usr/lib/python3.11/subprocess.py", line 1253, in _check_timeout
    raise TimeoutExpired(
subprocess.TimeoutExpired: Command '['python', '-m', 'lizard', '/tmp/repo_snapshot_wp8nejii']' timed out after 180 seconds
