Traceback (most recent call last):
  File "/home/lottenho/660_pro/CMPUT660Project/scripts/analysis/build_code_complexity.py", line 634, in <module>
    main()
  File "/home/lottenho/660_pro/CMPUT660Project/scripts/analysis/build_code_complexity.py", line 614, in main
    save_output_incremental(rows)
  File "/home/lottenho/660_pro/CMPUT660Project/scripts/analysis/build_code_complexity.py", line 115, in save_output_incremental
    df.to_parquet(OUT_PARQUET, index=False)
  File "/home/lottenho/660_pro/venv/lib/python3.11/site-packages/pandas/core/frame.py", line 3135, in to_parquet
    return to_parquet(
           ^^^^^^^^^^^
  File "/home/lottenho/660_pro/venv/lib/python3.11/site-packages/pandas/io/parquet.py", line 486, in to_parquet
    impl = get_engine(engine)
           ^^^^^^^^^^^^^^^^^^
  File "/home/lottenho/660_pro/venv/lib/python3.11/site-packages/pandas/io/parquet.py", line 68, in get_engine
    raise ImportError(
ImportError: Unable to find a usable engine; tried using: 'pyarrow', 'fastparquet'.
A suitable version of pyarrow or fastparquet is required for parquet support.
Trying to import the above resulted in these errors:
 - `Import pyarrow` failed. pyarrow is required for parquet support. Use pip or conda to install the pyarrow package.
 - Pandas requires version '2024.11.0' or newer of 'fastparquet' (version '2023.2.0' currently installed).
