Job submitted at: Tue Feb 17 17:50:30 PST 2026
Job started at: Tue Feb 17 17:50:30 PST 2026

----------------------------------------------------------------------------
  arrow:
----------------------------------------------------------------------------
    Description:
      Apache Arrow is a cross-language development platform for in-memory
      data.

     Versions:
        arrow/14.0.0
        arrow/14.0.1
        arrow/15.0.1
        arrow/16.1.0
        arrow/17.0.0
        arrow/18.1.0
        arrow/19.0.1
        arrow/21.0.0
        arrow/22.0.0
        arrow/23.0.1

----------------------------------------------------------------------------
  For detailed information about a specific "arrow" package (including how to load the modules) use the module's full name.
  Note that names that have a trailing (E) are extensions provided by other modules.
  For example:

     $ module spider arrow/23.0.1
----------------------------------------------------------------------------

 

/home/lottenho/660_pro/venv/bin/python
Python 3.11.4
[1/44] Skipping jwiedeman/BlueFrogAnalytics (not cloned)

[2/44] Repository: supermarsx/whoisdigger

[3/44] Repository: hmislk/hmis

[4/44] Repository: NB-Core/lotgd

[5/44] Repository: bararchy/shainet

[6/44] Repository: wieslawsoltes/Dock

[7/44] Repository: noperson83/WBee-appware

[8/44] Repository: patmmccann/Prebid.js
   -> Finished 2025-09 (Commit: 1b0d8034)

[9/44] Repository: MrME-CodeSmith/QuoteSwift

[10/44] Repository: jdereg/java-util

[11/44] Repository: calcom/cal.com
   -> Finished 2025-12 (Commit: 128d15ea)

[12/44] Repository: airbytehq/airbyte

[13/44] Repository: open4good/open4goods

[14/44] Repository: microsoft/vscode

[15/44] Repository: open-learning-exchange/myplanet

[16/44] Repository: bbuchsbaum/fmrireg

[17/44] Repository: ohhmm/openmind

[18/44] Repository: OpenHFT/Chronicle-Wire

[19/44] Repository: jorgesanabria/DBAL

[20/44] Repository: makhin/PhotoBank

[21/44] Repository: dhis2/capture-app

[22/44] Repository: neondatabase/website

[23/44] Repository: RadicalZephyr/bitburner-scripts

[24/44] Repository: adrianwedd/personal-intelligence-node
   -> Finished 2026-02 (Commit: de2dd6fa)

[25/44] Repository: KomodoPlatform/komodo-wallet

[26/44] Repository: arran4/dotfiles

[27/44] Repository: dBinet/SquirrelAttack

[28/44] Repository: oven-sh/bun

[29/44] Repository: Loganrdj/portfolio

[30/44] Repository: triblespace/tribles-rust

[31/44] Repository: prebid/Prebid.js
   -> Finished 2025-11 (Commit: 65ea7c7b)
   -> Finished 2025-12 (Commit: 60baec61)

[32/44] Repository: piotr-gorczynski/Soccer

[33/44] Repository: jremillard/osmmapmaker

[34/44] Repository: grainier/siddhi

[35/44] Repository: bozelosp/remod

[36/44] Repository: supermarsx/smtp-burst

[37/44] Repository: MetricsHub/jawk

[38/44] Repository: OpenHFT/Chronicle-Core

[39/44] Repository: edinsoncs/suni-coin

[40/44] Repository: jdereg/json-io

[41/44] Repository: TeamEver/everblock

[42/44] Repository: Yusukepkl/I.A-Sarah

[43/44] Repository: alexanderthclark/FreeRide

[44/44] Repository: OpenHFT/JLBH

--- Done. Final Save. ---
Job ended at: Wed Feb 18 06:29:33 PST 2026
Execution time (seconds): 45543
