Job submitted at: Thu Feb 12 11:30:55 PST 2026
Job started at: Thu Feb 12 11:30:55 PST 2026
/home/lottenho/660_pro/venv/bin/python
Python 3.11.4
[1/44] Skipping jwiedeman/BlueFrogAnalytics (not cloned)

================================================================================
[2/44] Processing repo: supermarsx/whoisdigger
================================================================================
[supermarsx/whoisdigger] 2018-12 done | ERROR=no_summary | cache_hits=0 cache_misses=1
[supermarsx/whoisdigger] 2019-01 done | ERROR=no_summary | cache_hits=0 cache_misses=2
[supermarsx/whoisdigger] 2019-02 done | ERROR=no_summary | cache_hits=0 cache_misses=3
[supermarsx/whoisdigger] 2019-03 done | ERROR=no_summary | cache_hits=0 cache_misses=4
[supermarsx/whoisdigger] 2019-04 done | ERROR=no_summary | cache_hits=0 cache_misses=5
[supermarsx/whoisdigger] 2019-05 done | ERROR=no_summary | cache_hits=0 cache_misses=6
[supermarsx/whoisdigger] 2019-06 done | ERROR=no_summary | cache_hits=0 cache_misses=7
[supermarsx/whoisdigger] 2019-07 done | ERROR=no_summary | cache_hits=0 cache_misses=8
[supermarsx/whoisdigger] 2019-08 done | ERROR=no_summary | cache_hits=0 cache_misses=9
[supermarsx/whoisdigger] 2019-09 done | ERROR=no_summary | cache_hits=0 cache_misses=10
[supermarsx/whoisdigger] 2019-10 done | ERROR=no_summary | cache_hits=0 cache_misses=11
[supermarsx/whoisdigger] 2019-11 done | ERROR=no_summary | cache_hits=0 cache_misses=12
[supermarsx/whoisdigger] 2019-12 done | ERROR=no_summary | cache_hits=0 cache_misses=13
[supermarsx/whoisdigger] 2020-01 done | ERROR=no_summary | cache_hits=0 cache_misses=14
[supermarsx/whoisdigger] 2020-02 done | ERROR=no_summary | cache_hits=0 cache_misses=15
[supermarsx/whoisdigger] 2020-03 done | ERROR=no_summary | cache_hits=0 cache_misses=16
[supermarsx/whoisdigger] 2020-04 done | ERROR=no_summary | cache_hits=0 cache_misses=17
[supermarsx/whoisdigger] 2020-05 done | ERROR=no_summary | cache_hits=0 cache_misses=18
[supermarsx/whoisdigger] 2020-06 done | ERROR=no_summary | cache_hits=0 cache_misses=19
[supermarsx/whoisdigger] 2020-07 done | ERROR=no_summary | cache_hits=0 cache_misses=20
[supermarsx/whoisdigger] 2020-08 done | ERROR=no_summary | cache_hits=0 cache_misses=21
[supermarsx/whoisdigger] 2020-09 done | ERROR=no_summary | cache_hits=0 cache_misses=22
[supermarsx/whoisdigger] 2020-10 done | ERROR=no_summary | cache_hits=0 cache_misses=23
[supermarsx/whoisdigger] 2020-11 done | ERROR=no_summary | cache_hits=0 cache_misses=24
[supermarsx/whoisdigger] 2020-12 done | ERROR=no_summary | cache_hits=0 cache_misses=25
[supermarsx/whoisdigger] 2021-01 done | ERROR=no_summary | cache_hits=0 cache_misses=26
[supermarsx/whoisdigger] 2021-02 done | ERROR=no_summary | cache_hits=0 cache_misses=27
[supermarsx/whoisdigger] 2021-03 done | ERROR=no_summary | cache_hits=0 cache_misses=28
[supermarsx/whoisdigger] 2021-04 done | ERROR=no_summary | cache_hits=0 cache_misses=29
[supermarsx/whoisdigger] 2021-05 done | ERROR=no_summary | cache_hits=0 cache_misses=30
[supermarsx/whoisdigger] 2021-06 done | ERROR=no_summary | cache_hits=0 cache_misses=31
[supermarsx/whoisdigger] 2021-07 done | ERROR=no_summary | cache_hits=0 cache_misses=32
[supermarsx/whoisdigger] 2021-08 done | ERROR=no_summary | cache_hits=0 cache_misses=33
[supermarsx/whoisdigger] 2021-09 done | ERROR=no_summary | cache_hits=0 cache_misses=34
[supermarsx/whoisdigger] 2021-10 done | ERROR=no_summary | cache_hits=0 cache_misses=35
[supermarsx/whoisdigger] 2021-11 done | ERROR=no_summary | cache_hits=0 cache_misses=36
[supermarsx/whoisdigger] 2021-12 done | ERROR=no_summary | cache_hits=0 cache_misses=37
[supermarsx/whoisdigger] 2022-01 done | ERROR=no_summary | cache_hits=0 cache_misses=38
[supermarsx/whoisdigger] 2022-02 done | ERROR=no_summary | cache_hits=0 cache_misses=39
[supermarsx/whoisdigger] 2022-03 done | ERROR=no_summary | cache_hits=0 cache_misses=40
[supermarsx/whoisdigger] 2022-04 done | ERROR=no_summary | cache_hits=0 cache_misses=41
[supermarsx/whoisdigger] 2022-05 done | ERROR=no_summary | cache_hits=0 cache_misses=42
[supermarsx/whoisdigger] 2022-06 done | ERROR=no_summary | cache_hits=0 cache_misses=43
[supermarsx/whoisdigger] 2022-07 done | ERROR=no_summary | cache_hits=0 cache_misses=44
[supermarsx/whoisdigger] 2022-08 done | ERROR=no_summary | cache_hits=0 cache_misses=45
[supermarsx/whoisdigger] 2022-09 done | ERROR=no_summary | cache_hits=0 cache_misses=46
[supermarsx/whoisdigger] 2022-10 done | ERROR=no_summary | cache_hits=0 cache_misses=47
[supermarsx/whoisdigger] 2022-11 done | ERROR=no_summary | cache_hits=0 cache_misses=48
[supermarsx/whoisdigger] 2022-12 done | ERROR=no_summary | cache_hits=0 cache_misses=49
[supermarsx/whoisdigger] 2023-01 done | ERROR=no_summary | cache_hits=0 cache_misses=50
[supermarsx/whoisdigger] 2023-02 done | ERROR=no_summary | cache_hits=0 cache_misses=51
[supermarsx/whoisdigger] 2023-03 done | ERROR=no_summary | cache_hits=0 cache_misses=52
[supermarsx/whoisdigger] 2023-04 done | ERROR=no_summary | cache_hits=0 cache_misses=53
[supermarsx/whoisdigger] 2023-05 done | ERROR=no_summary | cache_hits=0 cache_misses=54
[supermarsx/whoisdigger] 2023-06 done | ERROR=no_summary | cache_hits=0 cache_misses=55
[supermarsx/whoisdigger] 2023-07 done | ERROR=no_summary | cache_hits=0 cache_misses=56
[supermarsx/whoisdigger] 2023-08 done | ERROR=no_summary | cache_hits=0 cache_misses=57
[supermarsx/whoisdigger] 2023-09 done | ERROR=no_summary | cache_hits=0 cache_misses=58
[supermarsx/whoisdigger] 2023-10 done | ERROR=no_summary | cache_hits=0 cache_misses=59
[supermarsx/whoisdigger] 2023-11 done | ERROR=no_summary | cache_hits=0 cache_misses=60
[supermarsx/whoisdigger] 2023-12 done | ERROR=no_summary | cache_hits=0 cache_misses=61
[supermarsx/whoisdigger] 2024-01 done | ERROR=no_summary | cache_hits=0 cache_misses=62
[supermarsx/whoisdigger] 2024-02 done | ERROR=no_summary | cache_hits=0 cache_misses=63
[supermarsx/whoisdigger] 2024-03 done | ERROR=no_summary | cache_hits=0 cache_misses=64
[supermarsx/whoisdigger] 2024-04 done | ERROR=no_summary | cache_hits=0 cache_misses=65
[supermarsx/whoisdigger] 2024-05 done | ERROR=no_summary | cache_hits=0 cache_misses=66
[supermarsx/whoisdigger] 2024-06 done | ERROR=no_summary | cache_hits=0 cache_misses=67
[supermarsx/whoisdigger] 2024-07 done | ERROR=no_summary | cache_hits=0 cache_misses=68
[supermarsx/whoisdigger] 2024-08 done | ERROR=no_summary | cache_hits=0 cache_misses=69
[supermarsx/whoisdigger] 2024-09 done | ERROR=no_summary | cache_hits=0 cache_misses=70
[supermarsx/whoisdigger] 2024-10 done | ERROR=no_summary | cache_hits=0 cache_misses=71
[supermarsx/whoisdigger] 2024-11 done | ERROR=no_summary | cache_hits=0 cache_misses=72
[supermarsx/whoisdigger] 2024-12 done | ERROR=no_summary | cache_hits=0 cache_misses=73
[supermarsx/whoisdigger] 2025-01 done | ERROR=no_summary | cache_hits=0 cache_misses=74
[supermarsx/whoisdigger] 2025-02 done | ERROR=no_summary | cache_hits=0 cache_misses=75
[supermarsx/whoisdigger] 2025-03 done | ERROR=no_summary | cache_hits=0 cache_misses=76
[supermarsx/whoisdigger] 2025-04 done | ERROR=no_summary | cache_hits=0 cache_misses=77
[supermarsx/whoisdigger] 2025-05 done | ERROR=no_summary | cache_hits=0 cache_misses=78
[supermarsx/whoisdigger] 2025-06 done | ERROR=no_summary | cache_hits=0 cache_misses=79
[supermarsx/whoisdigger] 2025-07 done | ERROR=no_summary | cache_hits=0 cache_misses=80
[supermarsx/whoisdigger] 2025-08 done | ERROR=no_summary | cache_hits=0 cache_misses=81
[supermarsx/whoisdigger] 2025-09 done | ERROR=no_summary | cache_hits=0 cache_misses=82
[supermarsx/whoisdigger] 2025-10 done | ERROR=no_summary | cache_hits=0 cache_misses=83
[supermarsx/whoisdigger] 2025-11 done | ERROR=no_summary | cache_hits=0 cache_misses=84
[supermarsx/whoisdigger] 2025-12 done | ERROR=no_summary | cache_hits=0 cache_misses=85
[supermarsx/whoisdigger] 2026-01 done | ERROR=no_summary | cache_hits=0 cache_misses=86
[supermarsx/whoisdigger] 2026-02 done | ERROR=no_summary | cache_hits=0 cache_misses=87
Job ended at: Thu Feb 12 11:32:42 PST 2026
Execution time (seconds): 107
